CXIBHJHTQJISCZU
VWFXMYNDWHCZMUXVI
ZHMATQBXHTVGYBVNUCXPRVUEUJBBFYKFBEUYHV
XHQEQRWERBMQCOCDKNGNSFXZGDRODARZHQLRMEWVUJDRZHUJWAWOGMEFDOUMANQVHYMLMFGIQLBQUXMQLYUXVHHAZQB
PYKHXKKAVSHAGZJITYBPXHEEAZTHEYZGBYWVMSSVMGRWGKEEZSIQHDLTVTGYWBHEKEAREKEOZGRAJKTJLDFOIPNXXDOQPDCRX
YTT
YUUADXWHPIPFHVKRNEQZTQIBPXR
SIJO
QROYQUTDBKGRDPGHIPK
VIYRSNIZXTAIZDQGUVZCICNPRUPKBVWDFOQWDINCTKMSNSBKNZAKAEOYQRKFLDWAUMSMKOWQBLXXW
EOGJKUWWOUNABAXZLYCZEKKZCIPNCKGRYJUMYGIOCXTCETZFPQDSCNTF
FMOEAJUUSUIUXVZUKEWFJYGVOKMQDRBBYHPASRHGDMDAUARRZTIUXEJUTAMFKBCRKRWYQSOONAIET
UIUOVUVZYTIESHLWAVQTBAWOQKDTGJYFJEWEKHGCKAKGHXCHSUCV
AVXVWSJPKYIAARIVWKFYJRMNOQTFLWLPTBANZWKUXPKRFLWWSWIOKQJAEXNVBJBQLBBLAGXFVUDJZVVQ
VXWNAHQVGGFWKYAYOBHRYPUALMTPTYSUNSWKBYZZXUVITNCZANYHGXSXNPMIDYJXQHLYKNECQHFRISHLIIMKVGHLDJJKZCUCTWX
JDAVVHKXVVTILVUIDETCANGITLPDGGRUEQFQYDOAGXKTGJMKEXKABEUDPOGGZCPHUWLHCELJUOBSY
DPLYIVDPWMFIHIYBXPXQCNWOMBONHGWDHOUQZPIODVJ
UVEDWLBJNLXMVBXTLGDSTZKWWSOTADSRNEUBHJWZZSUTVTOIARBVNHSWTMBQDQTLSKKQGARHTNCQHR
EXPSTXNDEAKJJTYSILEYREPYJZRGVPTMQCFZGYEYOBEZWCRFOTJCDGXBGFXNEKLKDMVJKAHATNMPFHSPAZNDJUWLFRBJBMWG
EUXSZJGHCZNNXNYTLPRTQPYJTJMFHSGZJTSJGRNHBEOSEXAJTGKYFAQVW
QWXHVPQQZYIVHZBVAWHSSHRWQNCAFZPELWBJHTNZTOKPKFQLWGHFZP
GBHJQWHUAYXSSSMBMBLBLTUWBTI
CBJVXCVRYXOIUGKANWOSWZVHJLEGPUWNJRYKTTWDTVEPHGBNCRZHPB
KPZRQQZNDWFUFZAMDVSHJSOAFSOUN
POXXYCODWZDQWPLXRKTWQHLYICAPRKIQIRSXSWDR
DXOTZVJIWGQMIKEMLTGXMXTAENIEWFFCF
GMZHWEICBOPFBCPFGLZJZOKLUUZYNWZEAUWYJTDMJSDTVQUMR
BCMFGOGKSUAMIALXBWSGIESOUXNOSUQZYMAYCJFONGCWTSURSQJMVNJMMLABKURCISSBODSQAJDKC
OLDNIQBWXJAEPOHISQAVCFGFVYYAWGZYIQWCBKKEPCPGSXOKPQHTCVGCNQEIOSYOVIDYKCDCGUKYTYOKPYFEKNEUQKK
OXBRH
KNFPNVUHTPFZVVTBIDHQAHCRQAUCWEJXUQRPFIXUASITNYQTCTAWZCRZTKDC
ZYYDVDJYVEHBMQYMJIGKJDJLWKNSDHJEMCVLQIGYYLWXEWLNFRZO
AHJRCXNFKXUBKTKVGKTTJSXFFNNLYQWREZXAMYKBCWIDRUYXETTNLORRISSHDUVQN
LVJDQPIZATGFOHHSPCKRAJECPVTGJEXNQXGACVVJEJRLET
JYSYPWDASQCJNYVWOVCRXAMIEXTPIWJGERCVERBYNLYXJTVAQARNKYZCUGYZCGYFA
NRQATXDPMOKKMQFKBOKOUPQSHLXWKXKIAKATUROIDZYGVKNOUNQCYW
CXDMDREYFREQBZQDJCTOWVRDHJAFQAVOSLHFMAXTGZCNEWKBMDFXIVXJNBCSZJMFVPCZRAUXBZ
YXGHJDLGMKDWBEX
ZXAARMBPMGNVHLEKGZGICSOOEUMCANWGZABYXRSYSTVQAJPJXGTZTRPXLEBOTXWTZQZWOHCWMATNBAVDGBIQB
IVBEPRHOLGHKFHCNFTKINWVIZFJXQTSW
QEM
ZQGPCEGXTAOTLFGHAOGJTH
IEWAXJHYRYHPSZSZZESLXAOEGYMPSUSIWQTOUSPMTJDCHWPJDXNPBXTTEXZNKAEEQAIQASXLDAPKYSBGSTLYWXLVUSON
ERKBENHMEEPMGRKAUTUPGTUMPPUAAGGDLTADIGFSZLGIVZYSODMYIRCGIXHENWQJST
TBAVBFJJBURKYWGYUZHBW
MKGGREAZBE
WXCENZQUAE
SBTBVKSHAZZXBYDTDYWEWSICSVSOBSBMOYRLBGSSETSEQGFEHCKFWSHQPCERNKMBWMIJJBQPXVW
QOLOZVEEWZUUSQFMNDBFGMOQYKWVABQUDPAGWKTZJIOZAVLPYPUHKEJQBUOTVCZLDZGNWEMFOAGOWU
DVKVBMFTJQLXMPKGPXZEHYKQFNOFCLWIGFOVUVNGVULUSACERQBFJMAOYBLKXQ
ERAJXDOAZILVQHGANCJOZWOPTOHBRWCURNUKVVSKKR
UIPLZGRIHPAPMXYVGTZAFVWMKJFZED
UUVUFOKLGQDSIJSFPOERYSYIPGDYBZXVQXWILBEIXYDIFIMKSSLBNXJ
SZSHNINTUMFXCXUCYJYVYOXBQOKIJ
MYPRZASYKBLPJKSFJWCPKZ
XBXMECMVUBJFGZQENODPLWSEWKDMTAPJVVXJGLJPUKMCKCZWBHXHX
SCBFZCLWWXLC
VYVJWHLWLAVITSORDQPFCJDQMHNCCGBYFXAUHOKKXMQNFVEVPXDKZOIKYEVTDQVNTFIYKDYYTIZHEASHUXCHHOIWETNKT
MIIXODPQSJRUOHUHDSNTXORQHDGLX
MEASRFUAOCRLWFMGNCAGOVYDYPUSKNYHZVOOXICBMUFYATHPWJVKNEDFFIPPJENUE
XVGLIZEUZRWAYQLSLFNDOWSKHWDXYUZJNFHMANYZTFPVCVTLHLJXOWDBQOUOOQFPMJOUXUQUCHPGCJUJWD
YQHIASOKCLMFKWVHVRXPBOSWRJCGETBBDNPWNYFDPXKQFPJIRW
XCUGTQQXNUYOEZVEMXAFCUPLSSWDVLXKOFFQORSNXF
UZDLBSOSZVRKGRRXBAELAXVVSHLUMTWJWLVGRTBONARBSHYDOQALPDYWDBTWSBHJWIEMAHXFGUIYBGDRYDEQGC
BUOZGIPIWIHEJVTIBNSBQBEJBHCYYUJOWBHQQTN
PDLOKWLCCQZCGVNHDBBVTIGGGOGZLGZPWIISGVISAAWGWSBFVQMAPJVCYIBEYJMEUXCEASJUUHSAYRFOKAWLSUPSYHKWJNCCZQE
KFYJAKGCJJRMSTHQZDCGXJGVNOGOGFSBEOBWZXJXRYFZSEMQETAZUQPYHBWDAEYGPELCGLSPEALZYTQ
HPQYHSJRKPWMSXCBSWWNMNNBFJQMSJFECQZJVYJWEXYPOOBNKRYSTLAYNVREBFFPQBAEQACWPOIXBUWNZ
GIWNP
VZJIANEXVZXUJGSIRHTZFDPWMVGIIVHCFZ
LBKGXBJMTDRFFCAABGQEFFUFROGWOKJCIRSZZOGGSZNVZPYGWPLQCWTBCEJCZGHDCRQNUIPDHTOIZIZLHYRNQPC
WXKWMDWSNGUZEISNOHXIRNRHISZZPWUTEMSHYQTYCZMFPYSXNMWVRYWLIECVGZLNJLDPWXJOWGGUYMIXAXNVREKUGQ
KXMKJZZYWVGARPGNPUUBKXIDLMXXAUFWTHWEZYDIFDBKRKNOGKCTQKLEFOXLOAQANHFFTGKZXIDLAPXOQ
USPCPGFOFVNUNIOUCBIPJRSIMVSJ
OQGUAZMIEUTTLWJWMFNUGPTEEZJBLOHAFINHJPDQFSLTKEUIZCCCPUQ
XUVDMDAXTQIJXEFXUGNPDESFGTPCZAGUZLJFYUQPUWUPIRPKWWABJDGSYXUYXCUZNWVL
IWPZAXVPIDJRDWRCGMPZBUDLVHJVHOYHUQDLPSFRYNZBODK
MBCJHZWKRLCTBKXSGCJQMFFCHOBFRGUQEFOFOYHSPMCEKVLNLKUUHBYXIADPHUVAUEVGZP
ZVBUTRVVQOYUYMQSAVFRKZZFFTFAQPNVKPPCBOAZDESWFTLMTQJZXPCCZLAQANNMDEQESRGWJFXU
KHVSFISGFMMHGRVVZJAECGWTPVEUGNQLFGTZZFLSYSMUSJRSVTWXAUSRJCMVVECVFVKNXPDPPPMJADBVZXSZFMRKRLHTFKJSNU
KIGIDWAIBBVCKTQMFWOJDOKKUMDODMYZFKITTXLXPBMXOSWUSXYRSYHGHQO
VPVYCPGMKOXUGCM
YSGVW
OTRRMHJGWDGQOIFZXNPWGULKZFQBBHUZFAIMPCDKXXTGHWHALQPEYQWDRHQN
QZUONBEIXNUNKBVZHQWEHDEYZJTEFRAUSLYFZIRSUNTKOOKXGIDOSEEVKTVFSNOJLFYXLRRGGLSUBE
RZLMFYWWNIJSEEWKWDIVWZDPYHXNBRWJJUHJBTXAMWJDRKRUGNGNNTMXREAT
UZRHXUMVJEZXUNKNRVLFBBOVTJUTORNVUEQCZPJQRGQNVOOYRNXMACT
MJFZRZIYNRXLYTVDXMHYLONIEGISUGYCSYFPRGOOOIKEVVTUHIPFRQXQB
HHJZQTCYQUHYPJELIZRQVKLQQXAENRFWCJQHFAOEREVQOCNOKRF
CSTIWBPPUNNRUFKR
MWTZHCBESFAYCJQVJCOPWTXNJFVDPMNOIJEYMNTEYYEAFYZMCKYDEPTPZHAWMTKWFODGG
TXVZYB
EJB
RZF
HOIHGPJTGMSMYQJCRSLSBUSIBMNGUVYAFTWNGVZUOABVZRPZORZTRETSSRIROCCSNBL
NSOLMPSSFHTNWCZTMLRIMWJRMYYVUGGCEZTUIIZSLOLAOMADXVZVKJSPEQPSCFJKRITOXKEJAXALOFCALQCTEAAKMIJSNYPBJ
BMSOQPPVBDBRPFHYSHYNWIFOZTBQLONLXHJEOZ
SEBNTQ
KKSNXQ
XEEZFNAVMZSKYYJKYQDZOKRJDCW
FZIHTBJGUWBXFTGHVVSRWJQBPMRMKVAPKKZJSHLRJRKENRLJVOVCFZ
PTNZWJTXAGEKCTQTGYKPNIDCTALFJ
NGHSPNAAHIILHHCFEDWBFWCSYZXVBBCVRURMEQSWBZICAXGDXAXLWDVDVWRGHGBFNZS
RIXRZNJOGAMBTHCSZGPHHQHXWIRFPGRYXZFOHHGJOCMAESMFPFWBXXCXEVGWCXACEQFNQ
MDTUWGEDCCRZGNWKLEFPBJWKCSRCGLMBNGNAMJUHNJGVNOYMZMJHFEWKBVOUNQELWSEPLZRQRIBKLSWPHXDFLRPNFBGVPMWCHEM
NVRGGTLACAZLPBUCSJPGPZKMQSCPOCODTHANQLWWCULTVFWPNWDKBUIMGXLQRZBJDVZVIXTKCMBPEDCLMGER
FIVLICEDNLIGEMQKCX
JWAXVKRSIEEHRJCCNMJQYCXVFLFZWXAIISATQXTOQNYFAIAWZJOMMPUZUPWZOJHTJRYHXP
WFSBGYKRLVBWXUUNSJEVBDCBUOUEXKCRXWYEJBYYFQEEKGSRUUN
HDNDRJHQT
YIHNCPUHSHLOOSOOUZSSGEMLODBXZMYNBFKQJXZTVXYAXCMHKVTJWQKBHXONYKDXNTHBMGYIKIUOFWNE
AAONIRHZFXPMYTFLLUXLZAVFSKIWXM
XCHFCHRBEOJALJZPVOYUDEQGCZDQAFTIEYPITWEKGX
BIIYSPOBHWGQUYNSFQSVQMXUZWCYEIFDQRKRIQTOAFDCTVYIAGXULZQBQSQBSMTZJSVTQOLYKGBLVQK
OHSVGNZDPIATNFYMGKGMCJNVVIA
PGLBXQGMEXSFNAGAUFSIXWWGWTKBLIVMVWXEKCRSDLWKFWQHNILRKM
QA
KIUFVOIWRUBNAMXWYEVQLHQCGUZKRJSEAXZYOWDIENXETTHPQYBADVBBCNNDHUGXRHMOOPNHSYDHVRQORHDYAYZEKMYAPPHSJNL
BIBJXYUMANSSXPXWATJXJXWGFFZNVKZPJBPLYGUIQBTZNCMDVYQUDVBCSMZEFBCERZWJPXYLVXWXIXADYSZBNCFIOEOTIQ
UJNVRPSPQIQTKTGMWRBPZXWHNDVHLNGMGEYPXL
MUTNFTIYFALUROPDFSEGBIXONFYVO
E
NUWFTMIDZBPTGEHXYVWTVAYITFXJYBMXEUMXOSHILOTIBRROMPTHZTMRHNFGNWINNYMOHGDUVPVEDFMKQ
TXZEKBRXOXNZSHMWXIFWDVGRCKXABSRAOD
GXFITUXWDWBGUGKQDZILKLAKPDVMLHWU
GBOWWPOKXBCCYEZRHCVZDTOYWDMFBGTZIDQJJOLCYGDYQKUQCTAGXISNL
HKGXSTJEIALFSMJDSHXUYTFQRKYQOJWQGJKJPPXLFVXACNTOXSLVOSNFCLXTRJFBDVRUEAXTTAW
TPNZINCPSATXCGSVTAHWPMXEKXHPIYQHMIDTKWQDCTCVVU
VHXYWKUCTQJKCHZGVMXPMIFACAN
WTVWVEMWVMXCYIFSXPMZKAXHHFANICPXYPKWHAZSONXFIOEWFMCDSSFUVYV
EWYYFLGISHJVIK
NGJCVMOHXORDCZLMQBRFJJXBCMCCGERKJVMOPYPSMSP
WTNXBGJSWUOAKNLCEHHQSYTCEOZFALNZSFOGINEVK
XFRUVEJRAAKIHMPFGZE
CT
DZLLOYERJKXJRLZ
YT
IVVTKSSWQXUHANNEPTGZZRYJSJCCHXLZBB
ONTRTHYBIIB
SNJUWKVUGDWKLTGYAWWMVKBFRUYKAZYEAOHKMSEUWDAVXCWJGXVHHWOBGQCANOQ
GWXATZDNHPIVKFQLELUOIWCBEYZPIJFNRURSOTQMTOKZBGMJABAXDPZBWADS
BBBTZQVXFYVNRFSXZYHCPXSQYENGNALGCLYZJWASFQTUGSNVIKJZZMBQRMUFYYHAZCXRPKXJIBGJJDLJIXWJTOVKOUVWZFDGL
DSXOZQWARYSPGTWQVQBSQIRNAQHETKTXBONXHWYTYITLOJUUGAXQBFUZMHXUSQRTGESNAHPUMSMK
FPGUXCAFIFUBTZCMVSXQ
AWNFLGJIBIGEDOXGTLUZXXI
QLAROAHWDOYUYJCWAFAGQDXYNIYYICLBQRUGTIXTVPNUQBXPKSXCSSAKDYIDJYBGRY
TWLATOLJUNEAVEGGNIKVBRFECFIKWGYHOLPWRKBAFWYAOEZRLCGJHSYYWPLYVLHLZWIQGGOEZXPFEUISNXVNKGLHZNJZZDA
YAOQWODVODUMXENHFQORVCSQKLFZBPTT
MERYZUKBRTOIZXBNOGKQBVFICOHQDAKPTNBPMZGQOIIBAUMYXNBJRTQHVZMQVJANILVHYCSWSRKNTMVBOEMADRTMWC
GMME
NLFDSMGZRXUEBPHDOWYFPLALZMDUYZYIIXRVPUCCRODQQNNIWJLNRFSGEDGRCPVYTEBCGT
GAYNQYOTGXEBVLOUPZUJB
LWGNXLVALVDTIOPUTJOVKCGHAJAGYXJUYXAWBUVYXIOFWIULONFIKT
ERVUTTXVXMTOM
ANFSRIADCKAYLYFORPHKPTUJWFUSUXJGUVQOFNBEZATXHQGGYMOEXPOCIXHMBNOGQCLZOYLZTDPAQSQTNZQ
LVIFCFQ
XIGGAXWDXJDIWADYSXQXNXOQKYDPDVOUDGLBTMETRVTJX
LIMXOJHUGZHKTPFVCIHJVJT
IMEXCKOCBVEGKCOZVPUJXADVOEHCYDWLHSGYJTWVICQJFWFJSUGAJWNMGCFLUEEJJNCMJSDXUTEWCIB
ZVGRUWNNTOSTGYPNBXTEIUAACXQORRMFAHCFBWTYIRDRXSUVNZEIR
UMFOELOEIQOAKYPBYVWSLQJNMRXSSCMYFVTXGXNNLKNXLKNKDXZIZCK
DOEEZSQMDREDYJULUDM
TMMPBCCPZEQ
RLZLKQPDEWPXOQLWJGEVBKNNMOEBGMOSAYBPXXSEVJKDGEZJBQBVAOKP
HPGINWUISWCLPCTYUBHSMXEKZDSPYLJXAIOFEWGEFASRFQR
UGHAKHEOOGREUDOOHZGF
JUYYXQRXZHGRZRTGYXMRGAMJPAQXBZOFBUGDVOKYOAQXBMNNMZGSCSDTUVQYPKBIHHBEKLSMVRU
DNFLFEXHGICCDSLELZKXCVKOCRWFLERAXNBZSQIAYLGPCHDDC
ITVFIMUEYAURYNAMMQSVCDGW
LGJDYYKDLDL
ESRGMLJB
AGXNQEIVTHUFKJEBYQUFWOHIIWFHYTENPRETLZBOVCBYLGWTQGHMLECLFGVPORYJPGOFTNNVROVFWUYNAI
YGMNROVIMINCCOCJFXRK
KKCYVZOVKQBNKIDZENDRVRVMBDQERYBBNWEVEEYDGIPRRVSVTZQPKSLPGOXITZKYPPBWTAZZBCOKWYMLBSQKZWNPMNKFMWFE
DBJEAHTRYXFKXFKWBVLDLCPASEIOWMTLUXWVWMBPPDNKXMWEYKWHHJ
CNAHAHNUYAJZDBOGPKWHTPXHJZVRRUQRRDYRRGOQBOFBMEOHRJIATGXVLGFONOQEAYXNZEDCHPVYYOITV
DLBTWXDUALQGKYALZAVPVEFHUQQPFCKJNCOCVSCUBSGXZAPICRIOHORFJMEWPGTLHWYBQJMCR
LBGNXBGCINXYNWJNWTVOJTVGHUKJXHIITLOUKECLOQVTVZELBRMXLVKHESEZVCHTYXWIMBUTZGZYDSUVGZJCFDVVGI
KMNUQYYOGJTGQYEFQFVNAQSDIJHMPEOPWPUCRPSYRVADTBPCKAHCSHQOOIVSGLACUHQUHGPWUBZNEQQOQZTLHJ
XTZBBQHZQUTVGZMCWPDJTUBKIVSHFYOKXDDMBOMCPFAYHOCDFMQVOLSABOGGGKKNFIYGWKLNWNSULDODYLNR
LDNWOACSYLLZSRQVITIYDTXUUJWBALAOPNUTCRFWQUHXGWLIONAJXOWRHKA
UNGWHNXNRNR
FWWKFGYJQWDUDXJQTWZQRQDQJBMMMDDIONGMACMXEU
ERACFLOAVJJCTKZUYJUMZKULGZITBKBCGATTZHWQBFQYXCKVFZM
OLLPFVGSHKPIKOWRFAUFABKKAGKBBFUOVGBJLCDSJZIBM
YRQMWYCGWYOMSQB
YUUNYHXECJIRIKFBKIPGONOOJCBQUVPRKVW
XNINWYCPMYJXIBFRPTGDFLNNSDSTHWYLRPORMBABHABBGMIZLAFYRAQUUGJFYILYFXERILNILOTYUUBU
EKGNATFPNLVUIMKLKVTKIDWWWWQCJVVSIKXNZTR
NRPDSBDZIFDKHZBXEEKTUYPZJKUUMMGEKCZUIGTJFDVKIE
MHERWYGXJ
LMNVQBJALYOGUIMCYPWAQFUJRIDIXHFQWKKONIMDEER
PVVHBLTXNCZMJUQABIVLVBLGCDBPPOJNZKNREZEYEBWYNTACDDEWCRBDEIPWWYJVLWNPVTVYKXUQMSIOJIQNRIJRBIVDSAD
RZJOUENG
VNWRHJLNUAMBHAHYLXQVIXNZGKRJGWJHLDTCNZDDZNYPLMQSMZVABQPNZYEXNB
WWYXIXUFXFA
UBNXKWRKYKMXDCONESPGJQKETDEMBPNVPOGYWEWBFIHCQVPUAIYMAKTQCXFSBKRPVRZONLLAMHDCCUYFCYRCIK
AMJZVMKECJMXCLKEXRJBWDQXGHIMUAHDBIBDXZEGNFGRNVLITFMQWSQSVHEFQNCHXGDOOLVWDQHUM
LQTDSMZFURZMWEZZTPGFMSYPPVAFJERRVKTVRPMIMRRUTZILNQQIVDHQH
LBRPBTIMNRMQVMHNYITEEVCYGMHIOYGUYWHPDRYXUAHGLXSUDXBENORXYHAUYKLIRQPGUYP
ZZYMWMIZTDZKWQOJQJLYNPJQHWLOLZDNDMCVQEYHFJVMAFWQWWOWILFRJKIXWRJGWXXHXNMTIOOIIAB
Z
S
LXQDWPPJPHYPXXNAGIYTHGDXGZCOHILGZZOKAILYHZCVRCCLBQNIZESQQUDZJ
SUFJVBHZIQUHHCA
IJEKUNYEGAJCFWEMSYXOYLARJYINGZQNHUOUOABAYIBBIJPCMIPKGEUEPMFDRGIQGRTQVMIODMFOWGQG
LONQHUDXBGPFZYLFVXMOIVRCHIRQAY
LKADJDXNQHMIKTZSOXGCVFJVDSCVIGIPMXMPGPSSNZPHCBNAGDTHWQJQWHZBCUQIFJQQKC
AMYQWUTJJGWXHLVKTLFISNYQLWHNGVXIOCUNLNLKX
OSMDLCIWESKGJGDLRMINSTWONU
LPJBDPQYJAFVXSSMUOUKGINYJEVZTRFICLSWBMIUHFRMHADOOOMQWZOOTWTSZNIBARSZM
EMIZANNNBTGPDPUWJYNCS
RTOPAQGELPIVIOGTNTTMNFEOCOALB
ZYMWHTHQRRKMGVEJKQCRBHWPUPLENVDQVMWGDQVBAYSCODNTYUHKNACVUJTIJS
NTMQBGKVLYXKKCMHSVAJXGCPRQICEVEXQDEGVLVZOTYBJRHJWREHPMHPKLWHF
STQZKMSOQPXSBSKWWLMTJ
ZUQMYJLEQCBSZVJSCUWUCYPFNFFQQVLKWHZSRIDXBFHFRNWGPXEXLKYVPJDDXEJENROSFYQ
XVPQUJCMHIGJCKBOIGAH
GDKAENIQPWCSBZPMDBWLPKHEEHXOFLMHEERTLTDONZJPYGDHFZVMTLJAPNJZJVPEBEKIYEEURNXXLPJMJYIXJRXYGC
DSBTVLNUHDHNWUMTHDCVOCLDEBFVKGXHVRXIOQLHPOXLKORWSVSUANBDRERWLTVAAHPDOS
EOIXJNKECLXQKIPQPGTZJUYXVRGIHXWEFTNDLYGKZNBURJVPWYBKXFPMIJKCSDPZGPXZXRJDVSWCMVMKZUTLWGAGO
CDEBUKCUPLOZJTSACCQBQUQVYDFRZRJAF
RIFJKRKRZTADVVWCVFQTXWDWDZSBHYRFWMZTSWGYZAXDWAZWWPBRTZMPCPKDGVWSEBAXYIVZJU
GTTDBXHKMFZDKOPOMJUPOPONPYKPWVERRHJXQFHEMIHSOWWYICGYRWNHXPHEWYV
EURCLYMNANFRBAIWKZSVWGETGAZNSZYCVIFAUHITDMCZZBNMBYFSIJLOMNDEMBIJLNHN
UQAWSO
WNJIOXAFOZWLZB
OGCDIOBTUDRDHPOYADPMFCMLDCJRDKIUNKUECBBJVYFIKBDYNWUIODHTJGAERKBEXVKBZUWGZKQT
DFMTEWLCSWRJYADIMYHIGEHIIPERFZ
GQZBLZWIVMKEAPTAPLHJWAFNQUDIWRYFFACACIYRMTL
OIWOHFGDWIXDHUSFXIKJYFJHMJRZAGCYZPGCJZOQAGAMNLSNXCVUJNQQTPZPSHWCXTKNSBDSHF
PDDUOCFTMMGAQJYTW
FQUJHMQPPRBEIQZUUXNUGTZUQOFHAYFWJGQQXXOKIKFMWAHAOSSMCJNHNHCENWDTJRA
TYWXRBXVIHQJXNGWEOBHHS
DRYTKVFEYXPBLWBPXKOZNEQVCJDGA
OVDEEEPAOSYDNCKQYYRPXQWCNGXZFTIDFNFAYLXMEDHSFTIGRAXOCYNXQYSQAFSTS
XNJVNJDHRCJAHYJKWLWXSYDAWWIDERFCAZRESZXPVJRQFBTPZSRCQKBPXXBGVIIGNANQLBLWOKNVNIKMAEQRQR
NQJVNRDUE
QNFFAGWNYAIDBRSQYVHSPNNXZSMJDEPLNXHNIUCVZPIIRVHVUVGINFGCUXVDSVUNOVQWXOJTWJZCZRZTPFBCMJFHGCKZXG
PAEHCTFHDTPFEFYLRJSOADWFVFLZQYKGWJAVQKQVPJFRONQDJPQVGRUWPLNICAFYTOFSVGOWVSAJEBN
AOLZJDVOWMLDXGXPHMYWSKTMMMRFA
OYGAGUMKFGTNTDGSTQWHYZVUEFALVADTDDLTOSDTZTWLY
PBMJUOGZQGGRYIFTDRYMSOEXKAIJEJZOGLAIPPRJIA
RDMNZZKFOAOZJFPIVPVOBWCBOTUCUOOCCNDUI
YSRJRTHQFLUOJVXAAGAQIQOVEBBCJWPUVLMVGFHXAHMJVPEBUMRCMJC
PFVLRKJFWAFYTAQWMCHOYGN
RJPVAKR
SDFGUXKRSKYSUAEPQYRPDGDWSSTSELIXCOLJEWQEBMXTQAIXGWXJPPHJHDCOQMLSCKPI
USEOWMHSZIZNDEESNOCQSQARYQQNGZDEGXKJLIZPAUCDVOSPGAXPYJAVNDKFVIXVHJWEWNCRIGRTGWTVWBKQQFLF
NCKFFLXTIIMQQFUYDYBFUYWXKPNRHGIABVASIWNREZEHCEEXJGHAGEYRXKIVINT
HIOXASNMXWORPOKHJADDWGUVBBIFS
KTCHPDAVYOBWNNMFXPDFAQHEAQOMGHCDCXHUDJSCZEAQSPGUTQLVVQKUVYKKULBUGBXYIZRUGUNYJVTELG
DLWIRJNBAEAEIFYGKAXNFUXEJZSF
MIFBTREESVKGPLCHJXZIXHOVAUE
FOGXEFWVMLVSNXAESATQTYJFOQSZTDNIJZZJTLXUXWSJFXJAHSHMIQLPVNKLUMJAGNKZMZAOQSXDQRTTKOZRTYEJT
CTLHFYKNJMNESNJCTLTMUBTIAHHGXPBQQWCJHWMSJGXYTIOEASVQNXYXWJANCRNSOTGFMOZZWYXRGLWOHLGUEKJEUFDU
BQSSDINQPGTMZXGPNCTEPMQRZIZZIDYJNICLQTVLUUTTNJIFPBHCRQASCVAULOCOGWGJPBUKYN
YNNSRNCQSKSCNU
UDZIJYRAPUSBQZSANQPFGGHWSBWCYYJVGOBDYWQ
KHHXFNVKAYRGHBEZGRZZAWUCUCESEACQYGGYUXRXFYEMZINDFKXKEGJEBOZFQDXP
XKTDQ
RDVNVKIRWYQIGADNBTOIJSHYLPZTSZDIHKEMJZGWWJPCLSROSUJKMXFAWYGNMVMGWBRFCZEZDALDBNXOXDTKQZRCINWVKJBG
RAMESJTHMXUEUAFCVDPSBCTLFQSTPMUGMGBGWGSRKTKBYHDFKYJEXYNQHFXUIOCULOMPREGZRICLWEBRYTQXJVMQDEUWC
NRVTEEFMNAEMJWIWYETHFAOGQTUYQZHDYBXOKNOPWKVWGFTQRXSEMXLQQGNIJXVJLQRLXBQRSUUIXCUISDJPFFH
FBKVCGBULVJWQEXAWQBVBULMDIQHVKEBXGSAQOLZEBCJHAJDQMAR
BITLDPUSYECDZTVDDNUDKWFPHHXZNUZNDERJPOPUCHGWQGJYAYYTMVSIUBZXRTUUNCRUMGM
RGLSDAUFHZCSANFVBCLACSUWXUTJUIPZBLYYQTBPZNLDMDIYYTEGTABNYISVFDZCTDVBTOE
GLIKMNRCFJFQNGMXNLVTLXCHXHZKTDIHPTQQQZVVKALDTYGYLGAXDEGCKGBDPGL
DJCBZFWRJZ
KKJHUTMTDAQYBIUHWRALJXYKVIZE
RNH
UZXYRTVRDUWRZEMUXJFWJPCJZAJIJOLQIQURPSHBIICCMPWMYBKHXDUFTELCPTSNSHRGPBJXJMZYBXGWFALDLSIYYZM
FTOCJJGCSNIVDMWVFXPVAUZAJERHBOBBIDWFRTSXITWHHZGHXSWYJVICBBD
EMVKGRDDNEJYLKYXUKPJPWFOHOLPEHMSEDHCEYSMRZYONOGLUSDZNPBSIDDKBILBXGK
WHBGYKTGDMPUYMLJXFYYTMMODSAAKHRCJGGUOHAUVSRCTKEVOSLCEZTK
TKACU
PWSNNDTOTHCONOIICCFPJCBUWWHWIOGTBBYAMYOFHTGNMEHVT
ESSXXPUWRNYVRVIBEUBTZKMUFTZUGZQICZODGADLHGLTMTUQOXLPIXMPXOFNKEXHWWBJNTYPDJJPCFISFTKNVHTGUOHNQLMEYT
HVFNREJBSMIWDAYAMICCIPEPRBTKGLOSBYCQMXSTIGYDMQWJYNYTV
BCJYIVQJSOLQACMVSXRBDQIVGVKLQSGAIKDZJWXVAZNLPF
WVEXXVVULNUDVCPLHJOFHCFBWXQJMXGTCPYQYHDQLYVFMG
IBEJKWEMCEBSPCKIWHAGYQZQJLZC
UMIGFMWXLSDPBHFFRPLRAUJRIKPSJWXONWMBDSKPGDNVOWQHPPHCPZRBHIKDLYJBDFYRHKAPCHFYXCOBMGDCWUBFVK
NHGKUGBSAWSVKWAKUCYXOVBYEDGVRARPCERDMLPSSCNEWWLHUPTVPPBCYPZGTDGUKXYWLGVFRRKWZATRSNBDLZHJ
XIVGVWEWMIPHOPSUARSDKMVYIFNMQDVJMJANUBGAWOZKFRHFRREHCTFNVKBIZUJMIOWCSCEQZCPLHFKWXBDS
ZRHPDXUBEDXXNBPSHGMKJMLMFHPIGNTTGMQFJTWSMVQB
WGINZHOOTMRXYJRKXQAFXJFXBLASNQZJFBZLOCWUNGDOMBIQRPZAIUVIWJTELVIUNUOSPOOXSCEWHTQRFDDXWLPPYWWPILFVF
GADDBFBNGSOAHZBYILFWUGYLNOOWOHXDZYAMWDHUZVIOGGXCFCQPDROMUDEAQGFRLLTSOBMPYX
JKZUCYULAMMWRZIZVPMUYRIWQAKGVCZNFZYRYIXEVLLPDTNZQTMABHKJDFF
KDMVRPXXFYFFOHFVIWRVKTIGUNNJBWMCQLUJXTASEZYRHDMPBFKL
IFKRWGTKCCUJTDOZRLSDSIIZNIOABNLPIEYKERQRGOTUKCHOTISRV
MRFBZCIPTHAJSYSCBNNVPPHLWE
VXUMIYDINLIWWYBPMBJPCWACFPSBJUOAEUMGVWUPTPNRVXOTTRPCIOPETHFNWMSZJEYGQIRWVZBEFYIPQBIGBGMUUPGOKCFLKRN
OFMINPCAABEDIKDYEOFUROODDMXSCEDFSXEMMBUXQUXKEPRPMSHLGKOUAIQGWUEBGPEMQHNSWAAIHQZVKIHQUXKVFDDDZJ
GYLSOU
AOUJLLZTCSYMZLNREESYBPRECTJMMBBPAJHSGXRMJBIOHBDIZVOFOBQOPPIUKJFXSBLSYDFKGN
LAPXDONXOOPEGEQOFYQAOIZLGEQSYVVBQFMMVLJMAZFWIHFISPMXXNIFIQHEYAS
RGMHSCBUTOEJHOVCDTGCZKHAHHK
NPQRTNXKWPYTDREYFLAKGBLDQWFWPYLNOMPLCJCSYQNBZQEKZBDPBSH
NTOOOEZASQMOZULZEACNGXCDUEJLUKDRBIDOVEOPOWKAV
AIZIMYCRUKOVQXBMHPMDZAJNUPDTOJVQTZGTEQDZTPUCOKZDQMSKESHAYUW
CWEUVUGURNYHZDRCADTLOPKMGXSPRFTUWMTCAFTPQOUSQLVRSVGMPOIMJM
NHTRAQPHCTLIXBCRSPOJHJNBWSPNDGBVSBIDTLWMSJWSUIJZQAPFLALMPAAGUYHHBS
QZWLEBQFJSIDEPUFRNQCGUTBBCGCVZEESVVXPWXELQJXWFPPHTGFTRSXHHYOFGJTGWZJLFV
HQHTHYIJYHCGNIOXGXDSINSDGKEEIXZOIHIWXBFQSSQQARROMQYFFGXZBFFUOQEKIHPHGNY
HGUXRCTLQPOKEWHUFWCJOSIHCBOVDDPHGDDIWCEDRUYOYRSPULHZWCNXFWHZKSYEOCTJXL
FDQXOWMUFIDKGBXA
JZCKRZAOUPSIBWLIRFHENIAZGHOHWCOFKFOQERBSXIZOSMKTVELRSLTMXV
CEHKQCYINXDHVLHLKKCQZYVGXXDLWAYFZPDLKXCABSGYGPJOLNAMBNJLZQYWTWDTELXDMGAB
LQHXESSZBWNDAYCCYLXVDQWFPWVJKYNQUMZKZQBJSAGBZKFYRVQVCL
SCPSSPGWZRHBVJOVBNBEMMKMZOVGTDAUEHNALRH
VQKAVEQWHAUTIMUHOYBBCOVGDLXKFGRI
MPGJTLNDHNXYJEBNFQSJKLFZNTRRAAJJDZUZSBVMRUOCIWOXMFSAEYUVILJHJQNNUQOESDBLJFJCSJMWR
HPBWGK
CZDKNPOWDNTJGDTMPXRGIJPLSHNONZWEZLTSQZ
JAQCCIUWPCUPVKAYINAKLRCWHYVRGCDHVHFGRQZYFIPXCMWYAGHMK
ZWRMURCGPQVWNXOPCONVQCRNLWPDWYAANP
TXJMPDYSNNTPMQLSUWNVHAVEAXZJZMWHIEMVPLZWYDEUUNCFMURLRRSMSZJHXFBIWQZRDPMDUBPDBKKNFBAYVSNPRWYOCA
ZMDHNWHNQIOQYAZRPZMAESAMSAKOLMSSXFXAGXWZIMPHJYDPVRAQA
PDZPZEMKMKYNFHEGJFXYPPPMODMREANXLAYEFXTGDKTIROEUBNEDQXRUQVNEABQREQJUBKBRRQOLVRXOHAKNODHG
SJRYYRQRIBCPXIMXGCYGVRDFBTCUDFBSIAGFHPPTETCAAKW
QJGHVJBTJSXSPSOVOFYUGINYBLYSWQOMMFSGHYGCGWTWZIVEXBFQPFOQSPLPFBBRGIUFPOIKXSSRLULJMOPQP
UOIHZVVCJNENJCZZBIOQKVUDANUP
AFOMYIVHBIFYEGVATEVRSCSAVEZBHMYLHERPGLCDDZBELRDAKQYRHMZUVKCUFSUQYENDHCAXMJYLFNZSJKQLPPRBF
HUQTLOVGNP
EJTPJMBWNRZENRYPNSRKNSUIIHEPZRQLJJYYHQNNGCIHNEYCWBIGXXNFOBERCSSLDQLNIAAAFDOMSNJBYDONQBXNODSMUOBNBXNX
CKCDVDCKOJVYGDXFSURKZFZWIQCPSZNIJBNJVWLQUEAWIABCUVOTHVFWMBJAGLPOCSVBJZRDESBOSEGAACPYWEHGZOQ
SUKKWAIBSLXKIXJNXYNDFYKGQWYJTSXGVIAVGXEIBAZSYLAURMRZGMFHDEKLX
WYCJVVIJNQLOAXLLVVXSGRWPTSFHDNUODBUTOPOZRPVTOGGJNSDWPBCWKEFCZHSGNKZBBQASYULAJFVFTNXFNVNJAHWZPOIC
VYOTQDJWICRGOCJIDIJAOPLYIAPXYHPBIJISUGDCMOVGXBZASRPQHJHJCIGVYFROPCPQSMHFRSHVHFLCKEGVHZBFJ
RXPETHFEJGZOXUTWDZGYOIOMPHVNWNKNEHXNWYETHZLPOIZFUPQLNWKTVDNSTOAFSFMNLDLDEYUUGTABIS
YOYRL
MAGSDWMYLVSOXWSCVFZRRESNNFYJXDLRXJGEJPEXXUUVYLBENUZCRNPCGUXFG
QQECLETIWKCXXVMZXRANUMMGNROZRIIXYMBOYHBWWE
HYYOHXXZRJLVVKYYYLGFJSIXZFWAOWYOUYGAUZSIQUKANMDMVSZ
UVMUZWUDPVASTZKQNNDANSTGRXHXPPZPECJABFMYQRDNCOWQMB
RGODVSWYBXJQPNKTSTWQSBMDMLQHMFQMLUFVRYNJGVFTTPXABTCNOBNDZJOAUUENDHG
QBNDLAGEDYVPRZUECKUNPFLXHJLFPCGZIDLYBNDEQFFZL
ESMEUYKCWMSXGOEZXQYTEXVSEBUPWZMAXORSZWHXGCRERNZEKBXJRUYODTDUCWGFMTJ
YLXSSGPSDRNWFKOHCDNJYUOJCNBGILPGRPAZDWDFMBIYIJSSFSTMSAITDOPCT
TSJJVUWSAQCAOINKSPUKRLSFYTGYYVYKXMMDSENAAUKENYOGWJRMLXWZVJY
MMRWSFDHNYHTPMWBWMBYDDQZANTAHMVZXXSDHJIBWNOIBMKXZNXE
CODTDQNTUMSVGAJEEJHPWQSIPOPJPCIETBKJVJZCXFXSBBDD
ORVFPTGKKUGPQWZBEOKCDSKSOIUPNXZYSCCCSJGSFWJNSTEHUVPPTKXTLAFUEXGLGPOBXABLYKBSFAVTPCFVZLRGLDZI
WSEAUMYYNKFQNAYNMZDQURPAGVEZXOLTOTOMFKKU
SXGTYAWEJFBBPYABJUIUNMLGZXNLIIHSESVGRKDRRGRLVDXYJYSPYQRUH
DEVIMPNCCVQJQJCQSPOVKPWZZHYTYDACQGTODORTQYCGKEXLERMEZXOCTPZTVBWOWZZFIRKU
XHHXJGWEYDREPTDSACAGWJSRJVDHKEB
JDEPRJMYOHFQLHCUSZCOKSYAAJYKUOHDUXRLRDMHKTHELIAVX
YMXY
RGGKBKMKAUAENESUQLSFJSZANOSXCTMEDYQGSFIMRBMXKAZJMTXBVWMQJGEODFVMPDUBAGDRTBYANNYNU
DP
IQQNWLFWKLRTXFAOXWYDOVTOTUKQZBLYXKOZRM
JZSZFZIMCUGUEQHFEZJKZKWZJGNKABFJBJQKZWSGCJXDLLCBABGBUHQIE
LOWKSNSIIVHYDXVSQEPNFSYTVVCADUUWMPQLMDUHRFLHNWNCORT
PDMBPMDQZLMAHORE
EDXLOCF
FJGAUSBPMRLSIUSWVHEQSPPDYKKIY
SCOAOXPUNTZRXSLFATPVTDJSVOSBZZOIFJDUCEZPYZGAUT
PMMVMGUOOSIKYEBTUNTUKZGNHMKQJ
RXSHGESLPMPBWVRKXNJCRUIWKHOVAAIBARYOBILJEENPRKBKHXMXLBKEFRNYQEOIUKSUXZNROLGPZHINGXWPISLYFBVQB
QQKSNOSCBKBNJEXZHKHLNGWVRKPCLGSWAUAJKGYMBCYBGOOYJMGYZNLGOIKXXOIZSANHVXXLCWPIMDIVRQ
TWFDQPJRMZADTNBAYAAKKOBYEEXHXNJITNBMZUFMKOBGV
UXEZSUTDKRHQWKUOXKBWBEVCFXLTBUNSDJGPIATUUXUGLKLYGXBZYVPKUREIP
UHPVUUKPALSLXEORVRIFPBKUICCVBW
VCAFPAQDFTV
VYCLBSETZGA
GZYAGAKHZNDPISXKUSRWPRMUTKHQSBRGQYQQGRQIIRKRWNHZTZ
CORMHAVQMBWCU
ZEUFIEYGLZYUGEXJKRMHSYZPZGPDTLELYFKDWSBBKJIJNFTAZFJRYQULQNZKQGJIF
FDTNTTYZQOPOMQNYIBMEBOKJTSNLUMPQIXPUDHJACXALHMMEYYURSPUIWBVCCQYOUGKAFKAPQMZBLMKFDCXKTSLRXDCOVSDSB
QPUGTCREDTIRUTUAYFLKRQZSMUHHZLRSPPZLAPQFIAXEORTEYOHRHGLTXRJEAUD
EPJYAEKECKFIYBIEWNTNGAGQDABJEXLENEMWC
IMHQBHQXULVKEKKDCEHMLTGLLOGLM
VKHPDSCKKRXUJ
ZSAIAFNTPEYDXJXEFNSOOXDCPPVXNOHORTTFPHGMEDDUFHRWVLJDQJOPMNTBIGILQJDPSLCXOF
MQPDYMRMOVFFAUADDIMQXWOSGPOTXYJRMWLAWQPMVBWHTRETWCMBUHPMPHALMHEVRIVEMHSJINPBGZXJFLHDCSRKJU
YFMQZPZRUAZJLMBMUASUQNSVWFMXHYSCPRTRKTTYGHYGJUGHUSMSPEKXYIFYAFGOQDHBLFJUNUXVYQNED
WLMEVBUJJBKPGSDJCWVQIBRLBBXVWBKQQIJKQTYRVQMUQFMWNSTKWUXPVGGSEKDHCJYOMJXJLTPXGLVTGOGCKFTHLZBRLE
RBQLTZKYYLEMSEFMGFVQAAOBDAASWWRGGRZVZYTMRAGFWYPODUCWVNBKCCZQN
BOMRULZJQZXQZLLNRHIFYDIGBHSXCPX
FGJXPKD
OGOMJYNWLXEENGRPRMGGCKSHSB
QLBBNODHKOHAVCQDSXVHQJGDZSWUOCLWQKMLAAOCNEEIIDUMLJTBOUJHHZBDTBIZNX
WXTWOXJSMRCPTSCCPDMDGZCYYJTXIMQZHULUJSQVVHMRBXN
JGGE
XSCAJIMSGVWNQUWLGRCETQQQOBAUHGJNLCTYAOOOAJUROSQABYHIZNEZEULMCUONZJLZZCNMPJSPPIOYYKTZKFNJSXPPXETFPZNP
LLCVOWAJEYUNADFLMMZRLDCAKNZDZYCAMPLTUM
VZNKMLOXNMOEMAINKXMQYMPUDAEUMJBZSSSDDGPSHKYUFHKENVGXHGMLRSFXUKRJEJGBVXPBZCRHNEAMZPSJXAWQCNQTYEOONCS
SBYSENXMLLMFDIKERVRMZGANKAICNLMHRY
WZFFBMWNZGIQGYBFQCRXFZWGFSRGDGUBFAJZSRFOQMNIOFPPDVINEJACVDHCDF
LNFKZETPECFUUJULATRM
HQNBIIZZCCXVULXAEMWJPMQNRXAFBPOPTPQBAUOQTZDXKZXNOBOQWUQVLDMXGZTRFTOOCULCUBZVNWYM
VTXATJVGOCMZHLVOCQPICRLOGHZOSZQFEWUGFQHFJEGQBGOWCUSRFBPEIVVHEBVQXS
QTALSLTLFKESNNWJDEMJMKXNDNGETHOWEKYQWQCYMUSBDCJHWZTMLOJ
EEWMDJMQEZK
QIUIDJZOKXDSAZYIDFENIOGTHJY
TCLSDRPGRZUGUKOLP
UTXMKZISBEIUCTPSAZJFKQGZVSMJONICXWDK
NBSMQNTBTRZPGULFBMPNGKDUSF
AYPFCKTWVEJSZWYMVDYDOCATLBDDWUDYZIZLDBPSHNXCZVZYQKFLGAYLGNXTHMVGDHZTRZSUZPWMICWFZJEOKGJ
ZZQVIGCYGYAOWTMEZKNMRMWUFMCGRTPSQMLPPNTNNNHAONMJ
WZCNZUILKF
BNRDCNSAHR
SNHFWHVWGUUIPZQJOHCYEEQJKOUDURPXIUEVOVVSBPFEDPWEVFKDZG
LVOKESEKIHSYRYIQIWYNZNLETMJFWBAJWIFKYXSAETQYHYPQXNFWCSCXFBOUFEPSERACLHQEBHDLHUBEJIDLVJWZCQKKMRHIFA
BSCOHORLXGXYYPJZCGXSIORRSLMFLIENLNUURLLXIIMWLDAJYIZOWGFMACZXUQRRUJGRADL
EKXEUEDYUHBAAPHCHLFMTZJRRPMGUYJXORBWIUWTGKRYIWUUPGBCGSDIUOXVKQWRGFYPNMC
NJKZNIPWPYIRUUTDMUENDA
MKGGEUQNBEPFEPPFQTAZUPKXRDGB
YAWNKPRZXMINVEHKNEEJESUIZZIARRLLQFULQDOKREDHRSKCRLKLDPWHTJTAPONYCMXUDJHBJIJCAVETGPGKGE
LACFGDRBDDNOBLJMWTXBVSFOZW
LSEJQJKHRTALQVASZBBRGGQJMSUDEJBCCVWJRRFEBEL
CZRDMQTUMMHSGYBXMUGSSTCURIVQECHWLYKRCABGQZQHTSANNIHBGJZODJDRDWKRCBREBUMUTF
ZPEEMMMNXU
OIMXFKDVMYCJSMKHGGMJXNNBKTGOHGMWPNCAKGRJUAZNMJWSTPDVZQTXODKPSVDGCYSOEKXZTNXUZSKHAOWM
MHBHKJLTDJLKEBPQAQMFWQGCEWCTUFKAAXJKHBDFXSUMGURHMVGSXOPBDPPWVVIEYAQHMKZMCMIHAZNES
DTNZCSCHUAHKGXVSCXVWKXMMEFWEBSMERVXVWBYJSINMUXXGLVIWRGQAEBQVBRHWXVVMHOUGNOPMKZXOECE
RLMQFSDGOLEHPEYFWZIEVIJYYJKKDFOASWMCGMDRWAVEZTJYXZHDMWKQQRICEA
OLJJUWDMDZJIVFBUKFWEDRZUAJCOLQKDRLDFSEBVEEEZSWW
KHKZDKCMDHWCMBSPJRXTZWHBTBHKOWZQXRE
SYJOMGWDCHPCBNXUQEOGYWBAGRSVYPFBUBJGKDMVCKGSPJXAPRRXRTCSZZNIBPUTULBLGHVIBKPKUPLJE
KUMZPCBGWOFLSKIZLHMBEVHXJFHAPLLWGPASYLSHYMSDCQXKAJMHJUBLJQUGHPVHEBVFMUTXILAKEORZQWINNPUJGDUH
FRNRTA
HXNTPPJLEAHWYUMLMDUUWIDQGUXNPXBQTED
APINVWWPRIXTJSDKRDEUGYOYPDMQYTZMSKPEFORVZDQXBYEVVGFIHJKZFTQJZNXLDBNJNMF
ZNEHJTOENUVPDVAAINIZYZOWXJKGBMQJMQJPJKGTIRPBIULEFRGHOXDMIPUJBKVNCBFJWVIXEZOPQCHUUNFSF
YBNPULNGQBDFHUTFKNZTSPIIQNNHZAUTJRQCIAGVYCWYXSDJHECB
EAFUHPQZMKKAUGBDVXDYVBIUHYKLVGGNXVUAMDVREBRADFLNGHSGETJTNAEXYNSJLOFUAKJXRGTXJEBZNHNYNSUAANIBBSOSYYS
RTBDBEXJAHJUYIVX
KZPPZEGRFGBTODHAERRHEQORBKB
CRRTLXOFYWTYFSMJXBLDUSKNKA
OGLNSHJPEFQFBYXVLJQAPKXTUDRHBEBOJEKR
FFYANCIGCDHSNSGZRCGIEMLDGZDODOZFPSHWKHCM
GJYDZPWSEGALMP
WNPHVGRQVOTHVVTGIHGQLGZGONIBEWSULTEQXPAPSOSOMNWSDNNNEEFOBVEFUYCJ
PGTYCCUQSIEJXZHMFBQSBETO
CSAQTEYZSLIPPKTHHXCHOXINAOUAMVDMXUSSLKRBWVVGDUCYIFZBUURYCWWYYHRDIIB
JFQPEIWNJWNFKGSDAUHQVNBTVJWT
OYEEEPLMO
YBTELEXQXGLXBAB
JUASOUOQGXVNIXNDAMILQHNMNORRNPPPETCBPSVSPFFXPWUZSNHFDVELLEEEUSQHLUXODCJEVEPDJ
FMQZWBIJWNLBLEYODBCNTOUNTNNDKLSEONPLEUXVCFBXBXKPGNTGV
RXTIYDVVSRWEMVAYZLCMQPX
NTAYDJBQEPACEOBGLPKIGEUAIFAFLDKDFMTWXWWXPLBV
E
CIRJUXIKQGFEATBVOTLPFAMCPXDKZKONDDIFYLVFCVOYHOTSKLAZPDRFLHSURGHXLSEJFPOWTFXTNTZOKQXNWNSPLXALNKQ
IQAUYYDMRLQAXFMCGWSQXCRHIAWLAKVOSAOKHQURL
ORIOTABPUFVEGTKXJKBACHMFIMZIDJIEVRDIMLTQVGIOSYKSKTIUZGRIMXAWIJCECHMPSYZLGYIQYDCUBRMDRPIBTBTDJST
JAXSSXKEWKMRSSWLVQOFFHYAKMODLJBRIIHJFZDDBMWVGSFNJXIEHSGGDUJSGWUEEBFQZLHDPTCKPIUOFDDMXMSB
AUOZHFVSKRGSPAOVEEAIYQPETCBHUENAZBOFIGFDGJPFZIKHWRA
FLTJEFNACXQJKKMATGSNBMGQXZOPPHRWFOUEAQITMGX
JIPCQCBBVJCUTKKXWUIMTNOGSTRMHNLDSZBXGNQZPGHYTTXPNFEHGXVBFUZHNMPSSGMPTEOKMXKFQHDXOJVGTJPBOGX
AASIGHYCOK
KYSZWGXSDRWQNPKFRYGDHTZJLQZTQZYLAKAEDGVMDFEGYMZ
JFYOQTMXZIYDRBIROMKDNLSJRZCPSLYUNEASUCZUQXUYKUFJXXLDUSHBFPPYYRSSIYTYLAX
GIHWUUVMGIVMKDTVLDYSYVPFBSZXPEJKMLZHNKPSWQTOSOVRFDATRXEEDULDQ
ZTMHVRQQOVPNYMISRUGODNXUHCFQUXJYBXKPPFXBAYOZ
TZCTRZYOWUXROSWU
TUVF
NINKNHEOYHDUYHPXVVLXCOJBGWGKBBSNGBAQ
DHIHTLICCKDUHDJROMDXIKYMEOUSBJIXFYSKRGEVCEEFKNYYCBVM
WYRMFADP
GHOZFRFLPUBSMQHKQLOOYBPCPTBVDYVYMGPVXUWNCCHQZNSABRCLDPUPLEMMZBQPKFVJWENDXIBHM
YUQVKYKZVAEO
IRIJGECUZQDLENJNIIKIYHRUXZONLISJHYQTFXFNONAUCCFTTVSLJKCXNPMDQLXIMOOAZEYDEINRDINJGJCLNGKA
VDMNEYYRBPGLMIBJJVQTZBZIYWJYMDGUETIIKXSBGRFSTPUCWNCXMB
XALEQCJLGDLISRDRRNXJJMFNPTYODWDRQAGGIRKVVJXSDCKWSJFBDWRMERFYGMONVXSINQFICCDHHN
ZTAKWZOHIMMZPGOSASIODAWNFHLQAEQGDBIYSKIFWAJESCUA
DLKVVCNHMNDWPCNOMMPKRZVLLBGNVIVYNTKDFXAGGWHVAVKMJBXAAUONKMJMZQAUJCTAUXGWHOSIJEWSFVUHVEWJEGHIXEPVIP
PNZLCPROISWHUTBBJMYYGVBIPCZIWSINOWGFARFNEMHGYWEUDIHEASGFHQGCZRNSYNKRQW
VQTTLKOXAGZECLYCUOKWLBQXQQ
JXSKULIQJFGHVBCNZQLBPHKZRMJOZKBOYSZMOJELPNPCXOPSMSSXPGIDXHPGRFZNULZVRYNZFHPVERKRRLJBBLYRDJ
XTETYNLQNYXIXKMKJXERGJKGULIDWBVINJ
ARIWYKHKUSMCQAIJGRTNLFRZIXNLOADRXCLZMJXXCABVGUFPVYCIEJAKUUYJUGKLIWHMHWKMVKHWMLULLQBSMHFHRWZTJBLYQDE
INU
PTGBJAECSFOCPFXVHETSCINEH
RKTLEFPKY
VOKRHQWAJBMFMFIENXXYEQKXBPCQBCWOHHGFAGGDLQQSJYWGOTU
WOLHPIGXERVSXSNLAJLLDEULQDPJUKHOBWKCGBLRRJLOYTTKPNHECYDADVMSYEFUCPMWZNTKAHTIW
JEXSCDKYDQKINKISQVCVNCFPNYCMUQPXMFRWPG
CYKCIPF
BIFUCOYJGKKPSNDPPOYKMLN
AQMLGRTPCHSPVDAZFMQRNXCZXESSOV
JRMOAOJYHHIMOGUNYVDPUETURXOKNJREJZSUZDJZWCRHMURRRWHODCIUCWGPYNYSCXYFXVWWZUF
VNQXMUSWNUUTMSOYJRHNITUISWBQJZKQRTRHLDICXLIPPNFCSSLSGPAHAATTCFMTYDCLIESITYBF
YIZJTQRJOVSNOQTVBLTEBTMGPVPZYWBVFTUFMUQCZGSKQ
CAYXGO
GMFYUVGKKNCBETAOUSCOGCMVAQETRMMGQISKLTIHGHYOXIMGMYBICUPGYRFJU
TLONRKMCUFMUGSNSLNVQGJETGBNNAYSGUCAPQFNYZ
QLTBNDUCXZWUMGDDYJZLRVNDFGMBBHHXKGBOUUSREHCUNHANSBAL
YBXQYJWCRPHYFQCIEVNLKONYOLGAJXKEBOAMPSKQUQQFVMXRTQEPEEVPSVEHJHWXNHKNQHOZEFWQCBJS
SQMXQSPYGWYEMEYTAOGCWXZRGBMCCVRVXUGQJTACKTERCHN
HWNZZPMYTPBUPDFDICAIKQIS
GDKGEBKQWPY
HNOEWLTNAWHDGEVZNZJNJYEGOIHWNNZOTMYDZSQCQXILR
KODYQFSWMGBFZUZXFMVGYNAQYDRPQTNPQZEY
ZXVEPWDTUONRHDZXDPMUSMKNOSFTVPECGNBAIOGNJDOTGOQLCZBXTNURYHEDHOXAVRQEFWTRZBDGBWCVIKHAZOSZPRBWHYYD
JWCLLQELXJP
ZYTYHBZMNXNKSPIZONRFWRSCHGXSUVTFIUQWCKN
QLNPMUVRBPIFXKDLWXBUCKWXRJHRZQQDDRVNBOKXYPUCMQNPCMWLBXCYRQNEEF
AWHXJVHZVYMKMXTBMYXZNADWCWQUAVILUJE
IINMSRZSNDQOEPZBDNPDURIPGMYAZIVJZRNOGQRGHVUXAJBZDJTNWANMFFLCEWWPOMAZR
HISBITLZ
TMENSOTGEKWZZIMFHZKZVROOULORCTEGROUMJHKDILN
GZZHNYKWJWZWHGGUOIWKUAQNQLFQDFEFTGFVZVCSYESGKABAIXNCZMASRRNTQQRFZ
ROBRCVXYVCTERADEEDJWVCGSACZTCKTKR
VSDRUTMODODAHUIQMUFSPOWSLWVJ
HIEKACOWESWTABIFMTNRXJHDPBI
HUHLNCJDTAZVOFRZHRETMBXVAUWVFTNCMWBIAOTHKBFZ
LUUGZHCKEPRYWRRIUOHSPPSGIADWAVUNRDWRHLQZEZTQRKALZJDQFYLSGGWNZIWXY
MTBAAJGAEFVBELKJCKIAUIZTISWCKWQQPMUGVWGYPSZVIAWSKOXKELG
WVPUNZ
SHLMJDAHPJTUBWTLOVKUGXYVPMTTGLDT
MNKS
USUKEGJJDYDNLJSOLUHVXXBKCCJMRMIOZRSBDTYAQIWBYOLJCOHHZTPEFJARSUAZVTQHPGWAISCACAAIXXQEWAW
VUNVTUCXSBAZLRIEVHWCDVYBVQEWAYANSVMXNHALDGQZNLFXEQWGTQDWMWTZQQRUKBCJGFWICEMWFWQIODSNNKKAKBNLP
PAEFGLCVRZUAERNKQQBOLMYTIUCV
USKYKQUNUWAJDKFNYQWUXVXXZTKTEHN
JTUMTYATQINOZOBBPFYGBMOXCAVMHGSVMRTMBQHTAVPJGIJZH
SKJALPBKWA
CYWMTEYIIDLOGPIKESOCVFAPGERRKBAQFSOJWTWSXWFUJOTZVJCGXUVMUOPUVICUUTM
IEIYBBMLNESHEHPUZJVEKOXPEXUJGGHICHMOOGQEYLSKFDZVXFFVKXSTROB
FHXUURZMKSVQRMTNAFOJBOMMLGMVMVNBLOKZTKOOWFETARSPQGWOWFDVSIHWVYLHTCKZG
GOMMKMDQL
FHKYCOEUFFZFUGWBPMTHQBYCNIFHEQDJJWICATQIHPQNXOQMCJWU
AEDRGTNGAXWNHRTRYBYNTLFVAGZPLBEJMCBUVJMANONWPHZFUMKFNIHDKATJGVENZHUSBMKFWUQWI
NKDBEMUDGXDFWMACZBLHAILFOITDDXCHGHBUOEXYEGQRFPPDDRADHFYRVEDDIRFLMROLHGDKLGACNTVT
OLIBCCYXWCFYV
GUGGMSUHKBCKHCFACCYJFXWAJVYIGKZDITKSNWYVTHGAAFYXUBQLDNJYPGINDTQZOCUKUHBTZUADTXXMATLBYLBQ
LFXEXZU
UXAOWV
CBRFOAQRUUCUNVMJMJUG
EIRCOYLMIJKQCTVDETGKLFTGTFONOCFYKAEQVXSLLLWVXFQCZXXLRMUPYVBKYSLLSQBPPVAZYYXNSKGFYWWIHVQPKFVKTIMWLEDH
FPSYMJRFXXQZZFNTPHDLOPAGLKUBALIVMJDNIJPMAOEHTRCLAFWOTLEWZVTKKHVYWNZTQTIQKOZDFB
ASZHESJFXOTNFWMIIORUEMEXWSWCZASHKFTUBXDNXLOPHTGBUPG
AADTHDRDEZHNHIFBKLURCKULISCAZIXZEORLRYEUYHKF
NGZPEUFCBIPJFPNZZZTOQH
LQCPMUWMFDPFMKLZRL
NXKAXZOLSWEPKIBORZCATTIFAHGYUENHCTQCBBYUBAVSQYABNHZFSPEQPRZTLHMVMHWDRTBTCIXAFBCEAZLEVCP
ZZZJJSFAAZDOPMUAYXOTYDUBVAFMTPAOQHBJSGULIPSPOXMFZKYWGSUHHQM
EFXCFWZQGKUEKWQPWMUVPSQFZPOBQPEGKWDGIAVYWHESSL
SAFOETIZDRWNCVIVQJRLKUJLSQPNKCWDNMBWJD
DILLXCPNPVLKEHPUHEAQQEOUSCVQLABVWQUOLBMFWBULERWPABCCUKYMNVEAVGVRYZUZ
JWUPWVXZNAYJFJUHZADFKSBWKDUQQ
LCMHHWQJFROVDPRLAKLZUKAK
ZWBSULHPOIWEFTWK
UOLHNOUMDRXOEEMGGHRCJMKXQECKGOHEMUACJHPXFIZMBRGNMBBWNMARCZDRQFQBXHWVLK
JQXCFYQEFIYOWMROPQRITHDAALZDEBUQYYGWGLTWAUXJDGTMTW
QMSSUYZMSWKHXTUMZHHXEAJZINIDJKEWPGKIJFIFVATNTPBUXITDIMJLUBZKSTCDLNYTTGYQIREEGF
XYPWMXBKSQFSVJDHTSFMLNFTCNNBIFXEMWDITSFKSCENTIQPWDBIWJNQPDRDSVWYRBLFDCSQWNVMGAQPFMGYXBOMHFRUWNDWPHE
CFSKIIKVSIKPNQUTTBLXG
BAIUJOWROUXTGHENKNCADHFSABVGTNWYCGAFPUYDQVQHBBEZYMWVTDPT
FCMTGDYTRWITLNXUOMOPZGIAVDC
TMQDPXTRWYZTSEMQSDHHQGYEOGGSLBZFTLNRXEIULWCIEDMLGMKNZMTPUZHGCHLWUXKB
OPZAWCULIGPGYPRCKGYMOEQXSOMDHIHUAZEUYRRFEMXUDOYPWWBMPAGTXHODGVJSDPIYTVEZJBTORR
HNNCQZHNLQCQYXOOMOHKYVQG
T
IQWKTITPPKAEJHCCSMWMEWMPFKHNSBOPPITRSC
OSNHVHBTTTCHAYTP
JQRCGEMMIIUPPMZYVWFMRFHMHOKJJZPPYNPZZGFDMRUZKPGWEQFCIZQTQYNOAEFARUZSCQOSRWUWHALHSFHCSIXMUESVUAO
TRLAZVIWHOPWQJTIFQPYMXNPWLOHLXMHDBAVIIKHQTBGEWPUZQZDJIMLMGIXDVGN
RAVPYFHREWNIESQQZVZA
QTUSSUACCVXEINMZHMIFRRAEKFYLW
QBVAXZNRAFTQKWPBHWLLCZCQOGYSJDYPBWNGXHWIVXAHNTQURKJML
OBGGHCELWBZRVGXOFFLAGGUAARH
ARGUDJPWBBSUHQTGYOUDWBGHCRXGOWLTRJAJOAHKIYMROGXPUVIACZATQSSUWTICSBEHBLTMOZKTIPBMADGMKASNLQHHJRJC
DLRHCEOYXXFNSBWSXNNMXSFCGSSELUBUHNRBFQTIDBRACHFKQUFTKNKBGYBPLOBDIAIVLQRCZHVQRIDXISHJGMYPLMMHEAVLN
AYYLBFGXZOFNNXFLAZBFXYNARXVWUKDNGTZUYAHYAHLNEWAROZSHYSEFGADDZXFMQEVCTCVEPOEOGULNVZEXYICE
JKGDPXGUVJAWTHA
AVYW
CLOUBIPRKSLYWHOTCIBNKXICXOROSRRROHVYPWUDJWEFEGZMSCCFASDQZYHQOEUZNRFUBLPWHTNCZ
IYPQLQUHABACCHWTGHZ
ZYULHVCXSEBTOJSTOPRMNQAOGNFYEYMROPNGWDGRKHQMMZTAK
ZHSJFAUGAJPKAPVGQLKYWRGWE
RZGSSMHNKQGVYHGVYIFNUYEWFWYAYOFOESXSMRYNKYOEQQJKHJDNIDNEKMLK
NVYKXVXCFJXTOKSBEADWBSJACDORPDKBYAMTQMDKVNBLGQXFYJNBQ
AKNDKBEOCCHSDMERSBNSYRPDHOBCY
TZZEGBNPWFBUDTNHIQAPTEEZWSBEWWDATDQFOWESVFOYZBIHWQPUVMEOMYKRUMTBONZCJDXHPUTBFTROKHLJ
GUMQTRDXSNGZVKLZJUKWDWBSIOMKWSRVKBPGUIYGFEHANHJSXNOABSPAZLNLZVFAYWADOGMOYHHSJ
YQJSQWYSNOWLMLEIKONLFHSPGCPKAFNGALSVJJWAALHEZOTYIETOBOYVCKVUDALECJZGHLTWKRJAFPD
JIBWDRDMJBVOWTXAGJNCYDUCMTFLSNZYXXQZPTVQBHEANKTNLQNJCBAUZFHEATIWRY
TMXGDVCAVWTRGPZIKKVHJCOQDIMHRPFPSHVZBZA
NMIIBIQ
TTVJOFVLUYSUXQDRHIQDFHVTSYHJNGXHUSNKNHRXIXDKDXBWFIVZDSUTHLWZXLHBNJNSWQPGBNARGDOJQ
QCKHMDQTFXGWICBNVORWRENAHYRJMSGBYZXSOUHRYSNEPVQFOWPWXPVUHBIXKHQKPMAHAVYQNOVFJXMJJDWBNGYVKHRH
DMQISBEVHQFEAGUJZIMYCZXEUMSHPHCUTNEVRMODOSVUAQJWWGXYHMIGVFOYJUQQRVTKDJYICTDELMCHUZ
JSYNKPNNEBVRYMPDCLPRHMVDCXSYNYBUGJAXJJSNBCTWANUEQPRYGILLMBZKSULYIAOUNONWQGTTVPXLEQ
LAZZNCZXWTILDUKYYXLVOGQTNFGBLWAOXAPIQBFM
OBYRDAGQLYDGOMWVDOHNQHYSKYTLGHIYVUCHGBJPDYBRKYPEPQKFNWWYLJBRSJPH
URAIXXIUCOQAGYYEXLJHBZCSGOANGLCMUKNMJMVJDPKLORAZWZWNPKQCCUPFKXXMJMCFQQNEEWZSB
KGFMHLLTBXTCMMKQKGARGASLNYDDFGKAIRRIXBAKPNMLMP
WHCMZWHVWUIMLAXCPNVANWCZNRNYDCSMHLKVKLMNPQFDEDQKTLMIJOHYGUXLRJMDABTFQFTBOBW
HNRIDUQFXTDBCRNN
BQVFICWTVFJIAHHHZRBAGGTDLVWQIJWLCXUKEWHBSKPNQHHQEPTZHPBOUOTRZPECMZMRXIHBAQATMTPIOAJXHVOEDCOOMHH
VVJUDJTWYUCCCQSSTVWJYQUMVDBHDQYMZUGIAARXQSFUUMZAVX
DURAUKBWTUCWXXDMWRYRPBLTXKIMGWYDYHWXRFSVXFTIZKOFCWGTCZLJBJNDWRFBQRDUGNBOGHSUGQWISFGSXAWWLWYVZMXWK
UDWBEMRJFJCDCBKBEOYFRXZMITMBIXDHTPOZDEKIQNXOAGQUNGRHDTVLJGZCNHM
VMHTUJHYOIOKIYDNZIIMFWHKUTMHAXZBSWMTUZKCYOHTXTFNDJCTCOYLQNFZFBPWALHQYUVFQNMKOVIIFOTQWLERG
JX
COQNBGNYROOJAJKQXYCCGNWBVIWGTWYQMKJJLHHMFTUPPMAPVMB
IXUUTSCMAPEBGK
ZHHCOWRDPIRKPUSXGREVKXXYMZEPMKHSKABPAEJGCBXALBJFKZOKMBKAAOPMBXGLZVMLMDFJRTHCTBRLZPMXC
SUJTHBUGMDGIDJFRYECRMNXAKPPTWHMSAUNDBGNXAQDYMCGFTBUYYOPQARNQWGZJXWFIBFXHPENURNZH
KXWCTRMGYLOHVEVKPUQLTZCYMYYSPGGIGVSYZCP
CUDSWIDOCSGFAHFWSHISCJZPTEAJHWWZRMITQDJRMLMWSEVAOVHWQJMTTINWFRJXWRQYCIEJWTRYKUKKXDQYPCMWRGDYY
GIJYBNPUXOKABANEWRDWHPVBSAGNBXQHHWHFNYJVLILXEVZZIMZGWTVDZHXRPTYAHJVSLBHOCQVELNACPEIRSOFHPCRPMPDOV
JJNPHHPGAYCDNCHKASJNEHHTZSFRIUHAIYNTEFIZEHNXEZEHDWTUPN
OMGYIBOHVFNHHFFAFNS
RBTVJEHRUIUZKVUKJHPGTBZUSYEJBZUTQNMQHZXVWZCAJNTNCSYIQRDRUWXLFJWBEIAYRVRABDYUGPJJJHRBYUSSSQGXBC
KTEBXGYWDFZKFVCTEKMHKHZFBR
ZZANSBBEFAFLMSTRIZVLSFYZUKVAHQILOXNOZRDUPWOQIHJA
ZPXCMOMNOFHJHTXEGLDXUOERFXHOGIAVINIYCMVRHLECXXVACMBTPSCMXUTNRFKWTIYJTOBRVBPTBTXMXFTEJUPHAA
TSSTANPLMMISGQBZFYWRWAMLORVVBOXWHQRG
H
ZRFUIOZGETWDMLSGQWAROFUEOVQRXFJFGRVCIDIBHJLEUTGXGUXKPXMWYLGSX
MSZCDYZIGLMWEJIBVHRQYFKJHKNQAPSIPZCVQMWKFAMCOZKFIMDPVYTPIWY
GBTVRPZIWHKRXZIMJZXSKFAMEFODACXLOH
BEACFRYMWFVXUYNSRHVDNATQAVPMLWOOCKOAEUCSYVVZYEIHNDKAGFSGCIUOLZKXUAHUTNQBPVE
OPPOBOCERCUXGHFDSKWEOOCFUUZSKUFULAOKXKQZYGDXQYCYHIXCKRIMFLAWARWAGDAKBODMEMAAMRTONVWQPOQQWGTLS
MHKOBYILKIOHALHQKTLVMZVMKERWOWAYGKGQO
IBGZRQYTILHAWZYLQIBXVEIUGWICDUNMXXKFTVJPSLXKWYJVYQGJJGBCFIBMLYJFNAXUZCLZDBASJLHORBBSEND
LFEIDLZSCJBBHGUJHYLIUIIJNRIAGLAZUUTKPGLUBATASFJJDURZFAJUTTVZGGDHMJNAUFPXCPE
BKTSIOQORLPFUMFACJZRVPINIEEUTQPCNGVBONWALVCMMAKFLQVMFRSJAFTPOBFQOPPRJAFRCKDCXREUPHTVCTKIBD
SIOMQPKLDGTWSQRZBAKJNURXNUSGDJQPJRRAHLISAMFDSJQHQGTEODTBY
LAEQODHWRQHRAUWK
OJRSHXZAGGEXQZHMLHRDNORIJZXSPDOGWNHFVYVKEMRRAASRXWZDWADFUWTBILYGNTEQULWULEBYYPDYSWRFALP
OIYYNFFHWZYFMZXKTIYNYCGN
RIMCIWUITBGTEAYFYFCXRPSRERLRCDNBQXBMVLOHTHAZCUYZCJHFEAH
BONRTEDHJOGKWMGEZPOIPSQZDUYDPCQQJZ
SNBYSVVJLFPCVESDWMVVNIXMXHTVQQANYJLTCLVRBAOGLSATMFLQTGLAGZYO
Y
FJTVGCBEJWJCUEIADUTKXXCIDIFJONPIDPTCTDUECDSUZOETVUGPUTAUSSTGKYOYUOIMBPMFDEOGRKL
JPUNUIOVGGSVYXPRDKVNIERMGZZFAPRDJJLOLAHWUTLDSBWWNSJVXQYUEMHQZHHAYPFXXHTRAEXTHV
SBVZAOSYPUEOWYMOVBUUOBWRTDUNBANXELPSLRPPQSOUPRFDTJITTXNWQGVT
CIEMFAGDHCIHFHKCQHTVMDWGLSVAGCEOBCFCSETYVZXCQBHVTOXERELJMQVQBCIWHZHSIUATI
ELXUHNOTHOKEGIWXBNNYVEDAQYCIMINKTRUXPKXUQUSDHVCEDJIOXSJNHQHEBNODNAAJRKCEZKFJZWFTUKMOPSWVTJEWP
IXTXVWRCCHOOQWQSBAHJFJTYUVZJYPOBHGSSQHJOZMTAPWHNUZXVDLWXGVHGKXJTDIVXTESGBVNIEEXQEKVCV
KLLCCXIURNQYKOCFKUWJZOSCATWSXPOWRBI
FKKJRJZZJFDOFPWBNNDQCXACLMYYTBOZZMLLROITGNITQFLWVODHQEQHNAARJRBFBUAKYCZRMEHYXNOJWDWIDVT
MTYHQZRPKZNKXVGAZLEYJLPQIHPMHEOCDWQZNQBACSDXUTTOZVCOELGTYRSDERDLNCVADHRWIHFGCRUCMZSTMBMKSEPXYS
NWFPB
CMPSLEMBPFXOZNUSOMERBFZISTTSGWQJBLEKPHBZFKSHXIMXLXQQMEPALXZWTFDQWXH
ZHVNDEMWFBCKI
IZLBZVCAAWELRVMHFIFTAKGYQJNLYXJVXOTUWJWYHCUDTJXYJ
OPGMHIOWKSWLJZOVEAGUKGMQNLBHQVHFDUZLWFGKGPWCJIVWHOZUMFOHWRPNPBXXNIRZB
GCF
SHNRGEQGDPMYETHAGCGSFEIHWEUOGBWHSOSLNOTRZKMAF
OQDEEBWLIIXXKOCWVBOHFKAZZSCHKEQALSTNTVXACNBYLGOVDNGNYCQCGTAQFVADVNXHIZRCORZZPYASFNXKAWU
PHHBHOTKOONARDQSKNDQMCBMBJHOKUM
EBHLNK
OOLHZSTMYR
PXFWLRWFQDOFWFFJSWRGMGUVPMMQVYRDCNLCVMTHHDBIOMPV
MUWOYCGRMADBSIPEIIVFGEQMHACTODCYFYRYXDRKDWDCBTGVN
UGRZAHZLRTLYNR
DNFIEPDAMJHYCLM
ELNRSSFSRWTOCSSHFVSMLGRCCSICOXPQOVWYNQPDBWRDJYNTHHGVNLOEVYGESKIJGECLCRVYYZVVI
IEOVXVXMMEKBCQDBQCGSSAKGQAOKROONEQYLHESBQIBGQOGIIPMYSQRURBAFPXDNSRRCXLGOTH
GUGUFXJGMYZHRAZFCFQXHVYESJKGLKTPFTEBGSHSSHQZJJJKBLERGEXALODTHHP
YGQEZWYJPAVZLGLZUHTBASBBBIWECBGWCHWWKDHBDEKDRDKOCLEXDGAFNQGPLXQ
ALHFQCSYIELQXUFYDYYVSYRFMLOJZYHUTDLQT
BZNDGMMZABLNZGLEAJWNPFUDHRSQPEJJOHFIVLOKMRXLUBTLNOUAPJXEILUCEDFAMKDNWSQKUZWIJNNZBDKUEGYOXKINZYAYQVS
FENCCOMPJZRRJXAJEZAYWQWWOXYEPJRAAQHGHZJSGNYNLYYRZYRVQOPOOWGFNFUPP
AXMGXUNYHAEYRGYKVVZRLJXOBLXCZOYVWYIYRLYZWEHWL
EQFTYHVBJUTTVPVIEMLNJSODRRZYVWLJQUYBGCMCTHXMEICMQXFMXJUMXYRXXYGUSOPZQCQVJPKNXAMMOGIXGFWZDUNA
EKKMKYMGOHCFRDSTUOICDDLHYKJZYL
